\BOOKMARK [1][-]{section.1}{Ejercicio 1}{}
\BOOKMARK [2][-]{subsection.1.1}{Descripci\363n:}{section.1}
\BOOKMARK [2][-]{subsection.1.2}{Pseudoc\363digo:}{section.1}
\BOOKMARK [2][-]{subsection.1.3}{Complejidad:}{section.1}
\BOOKMARK [2][-]{subsection.1.4}{Demostraci\363n:}{section.1}
\BOOKMARK [2][-]{subsection.1.5}{Casos de prueba:}{section.1}
\BOOKMARK [2][-]{subsection.1.6}{Experimentaci\363n:}{section.1}
\BOOKMARK [1][-]{section.2}{Ejercicio 2.1}{}
\BOOKMARK [2][-]{subsection.2.1}{Descripci\363n}{section.2}
\BOOKMARK [1][-]{section.3}{Ejercicio 2.2}{}
\BOOKMARK [2][-]{subsection.3.1}{Descripci\363n:}{section.3}
\BOOKMARK [2][-]{subsection.3.2}{Pseudoc\363digo}{section.3}
\BOOKMARK [2][-]{subsection.3.3}{Complejidad}{section.3}
\BOOKMARK [2][-]{subsection.3.4}{Demostraci\363n}{section.3}
\BOOKMARK [2][-]{subsection.3.5}{Casos de Prueba}{section.3}
\BOOKMARK [2][-]{subsection.3.6}{Preguntas Adicionales}{section.3}
\BOOKMARK [1][-]{section.4}{Ejercicio 3}{}
\BOOKMARK [2][-]{subsection.4.1}{Descripci\363n}{section.4}
\BOOKMARK [2][-]{subsection.4.2}{Pseudoc\363digo}{section.4}
\BOOKMARK [2][-]{subsection.4.3}{Implementaci\363n y Complejidad}{section.4}
\BOOKMARK [2][-]{subsection.4.4}{Demostraci\363n}{section.4}
\BOOKMARK [2][-]{subsection.4.5}{Tests de correctitud}{section.4}
\BOOKMARK [2][-]{subsection.4.6}{Experimentaci\363n}{section.4}
